<?xml version="1.0" encoding="UTF-8"?>
<!-- Generated by org.testng.reporters.JUnitReportReporter -->
<testsuite hostname="cca-ug04-0950.cs.bham.ac.uk" name="search.Tester" tests="2" failures="0" timestamp="4 Mar 2014 11:01:19 GMT" time="0.193" errors="0">
  <testcase name="dfsTestEight" time="0.024" classname="search.Tester"/>
  <testcase name="bfsTestEight" time="0.169" classname="search.Tester"/>
</testsuite> <!-- search.Tester -->
